<?xml version="1.0" encoding="UTF-8"?>
<testng-results skipped="0" failed="0" ignored="0" total="2" passed="2">
  <reporter-output>
  </reporter-output>
  <suite name="GooglePageOpenSuite" duration-ms="21127" started-at="2022-03-27T08:55:13 GMT-05:00" finished-at="2022-03-27T08:55:34 GMT-05:00">
    <groups>
    </groups>
    <test name="GoogleTitleAndLogoTest" duration-ms="21127" started-at="2022-03-27T08:55:13 GMT-05:00" finished-at="2022-03-27T08:55:34 GMT-05:00">
      <class name="com.Google.GoogleTitleAndLogoTest">
        <test-method status="PASS" signature="setUp()[pri:0, instance:com.Google.GoogleTitleAndLogoTest@578486a3]" name="setUp" is-config="true" duration-ms="12480" started-at="2022-03-27T08:55:13 GMT-05:00" finished-at="2022-03-27T08:55:26 GMT-05:00">
          <reporter-output>
          </reporter-output>
        </test-method> <!-- setUp -->
        <test-method status="PASS" signature="googleLogoTest()[pri:0, instance:com.Google.GoogleTitleAndLogoTest@578486a3]" name="googleLogoTest" duration-ms="197" started-at="2022-03-27T08:55:26 GMT-05:00" finished-at="2022-03-27T08:55:26 GMT-05:00">
          <reporter-output>
          </reporter-output>
        </test-method> <!-- googleLogoTest -->
        <test-method status="PASS" signature="tearDown()[pri:0, instance:com.Google.GoogleTitleAndLogoTest@578486a3]" name="tearDown" is-config="true" duration-ms="891" started-at="2022-03-27T08:55:26 GMT-05:00" finished-at="2022-03-27T08:55:27 GMT-05:00">
          <reporter-output>
          </reporter-output>
        </test-method> <!-- tearDown -->
        <test-method status="PASS" signature="setUp()[pri:0, instance:com.Google.GoogleTitleAndLogoTest@578486a3]" name="setUp" is-config="true" duration-ms="6485" started-at="2022-03-27T08:55:27 GMT-05:00" finished-at="2022-03-27T08:55:33 GMT-05:00">
          <reporter-output>
          </reporter-output>
        </test-method> <!-- setUp -->
        <test-method status="PASS" signature="googleTitleTest()[pri:0, instance:com.Google.GoogleTitleAndLogoTest@578486a3]" name="googleTitleTest" duration-ms="15" started-at="2022-03-27T08:55:33 GMT-05:00" finished-at="2022-03-27T08:55:33 GMT-05:00">
          <reporter-output>
          </reporter-output>
        </test-method> <!-- googleTitleTest -->
        <test-method status="PASS" signature="tearDown()[pri:0, instance:com.Google.GoogleTitleAndLogoTest@578486a3]" name="tearDown" is-config="true" duration-ms="960" started-at="2022-03-27T08:55:33 GMT-05:00" finished-at="2022-03-27T08:55:34 GMT-05:00">
          <reporter-output>
          </reporter-output>
        </test-method> <!-- tearDown -->
      </class> <!-- com.Google.GoogleTitleAndLogoTest -->
    </test> <!-- GoogleTitleAndLogoTest -->
  </suite> <!-- GooglePageOpenSuite -->
</testng-results>
