<?xml version="1.0" encoding="UTF-8"?>
<!-- Generated by org.testng.reporters.JUnitXMLReporter -->
<testsuite hostname="DESKTOP-R1NCR26" ignored="0" name="GoogleTitleAndLogoTest" tests="2" failures="0" timestamp="2022-03-29T01:39:02 GMT-05:00" time="31.058" errors="0">
  <testcase name="googleLogoTest" time="0.336" classname="com.Google.GoogleTitleAndLogoTest"/>
  <testcase name="googleTitleTest" time="0.026" classname="com.Google.GoogleTitleAndLogoTest"/>
</testsuite> <!-- GoogleTitleAndLogoTest -->
